0 info it worked if it ends with ok
1 verbose cli [ 'C:\\Program Files\\nodejs\\node.exe',
1 verbose cli   'C:\\Users\\mkg\\AppData\\Roaming\\npm\\node_modules\\npm\\bin\\npm-cli.js',
1 verbose cli   'version',
1 verbose cli   'minor' ]
2 info using npm@3.10.5
3 info using node@v5.4.1
4 info git [ 'status', '--porcelain' ]
5 verbose stack Error: Git working directory not clean.
5 verbose stack A  CHANGELOG.md
5 verbose stack M  README.md
5 verbose stack M  dist/mkg-sidebar.css
5 verbose stack M  dist/mkg-sidebar.css.map
5 verbose stack M  dist/mkg-sidebar.js
5 verbose stack M  dist/mkg-sidebar.js.map
5 verbose stack M  dist/mkg-sidebar.min.css
5 verbose stack M  dist/mkg-sidebar.min.js
5 verbose stack M  index.html
5 verbose stack M  src/mkg-sidebar.es6
5 verbose stack M  src/mkg-sidebar.scss
5 verbose stack     at C:\Users\mkg\AppData\Roaming\npm\node_modules\npm\lib\version.js:247:19
5 verbose stack     at C:\Users\mkg\AppData\Roaming\npm\node_modules\npm\lib\utils\no-progress-while-running.js:21:8
5 verbose stack     at ChildProcess.exithandler (child_process.js:204:7)
5 verbose stack     at emitTwo (events.js:87:13)
5 verbose stack     at ChildProcess.emit (events.js:172:7)
5 verbose stack     at maybeClose (internal/child_process.js:821:16)
5 verbose stack     at Socket.<anonymous> (internal/child_process.js:319:11)
5 verbose stack     at emitOne (events.js:77:13)
5 verbose stack     at Socket.emit (events.js:169:7)
5 verbose stack     at Pipe._onclose (net.js:469:12)
6 verbose cwd C:\repos\mkg-sidebar
7 error Windows_NT 10.0.14393
8 error argv "C:\\Program Files\\nodejs\\node.exe" "C:\\Users\\mkg\\AppData\\Roaming\\npm\\node_modules\\npm\\bin\\npm-cli.js" "version" "minor"
9 error node v5.4.1
10 error npm  v3.10.5
11 error Git working directory not clean.
11 error A  CHANGELOG.md
11 error M  README.md
11 error M  dist/mkg-sidebar.css
11 error M  dist/mkg-sidebar.css.map
11 error M  dist/mkg-sidebar.js
11 error M  dist/mkg-sidebar.js.map
11 error M  dist/mkg-sidebar.min.css
11 error M  dist/mkg-sidebar.min.js
11 error M  index.html
11 error M  src/mkg-sidebar.es6
11 error M  src/mkg-sidebar.scss
12 error If you need help, you may report this error at:
12 error     <https://github.com/npm/npm/issues>
13 verbose exit [ 1, true ]
